ian@ian-HP-Stream-Laptop-11-y0XX:~$ git clone https://github.com/google/benchmark.git
Cloning into 'benchmark'...
remote: Enumerating objects: 7488, done.
remote: Counting objects: 100% (197/197), done.
remote: Compressing objects: 100% (113/113), done.
remote: Total 7488 (delta 95), reused 144 (delta 75), pack-reused 7291
Receiving objects: 100% (7488/7488), 2.35 MiB | 1.72 MiB/s, done.
Resolving deltas: 100% (4950/4950), done.
ian@ian-HP-Stream-Laptop-11-y0XX:~$ cd benchmark
ian@ian-HP-Stream-Laptop-11-y0XX:~/benchmark$ ls
appveyor.yml  cmake            CONTRIBUTORS  README.md         test
AUTHORS       CMakeLists.txt   docs          requirements.txt  tools
bindings      _config.yml      include       setup.py          WORKSPACE
BUILD.bazel   CONTRIBUTING.md  LICENSE       src
ian@ian-HP-Stream-Laptop-11-y0XX:~/benchmark$ cmake -E make_directory "build"
ian@ian-HP-Stream-Laptop-11-y0XX:~/benchmark$ cmake -E chdir "build" cmake -DBENCHMARK_DOWNLOAD_DEPENDENCIES=on -DCMAKE_BUILD_TYPE=Release ../
-- The CXX compiler identification is GNU 11.2.0
-- Detecting CXX compiler ABI info
-- Detecting CXX compiler ABI info - done
-- Check for working CXX compiler: /usr/bin/c++ - skipped
-- Detecting CXX compile features
-- Detecting CXX compile features - done
-- Failed to find LLVM FileCheck
-- Found Git: /usr/bin/git (found version "2.34.1") 
-- git version: v1.7.0-19-g49aa374d normalized to 1.7.0.19
-- Version: 1.7.0.19
-- Looking for shm_open in rt
-- Looking for shm_open in rt - found
-- Performing Test HAVE_CXX_FLAG_WALL
-- Performing Test HAVE_CXX_FLAG_WALL - Success
-- Performing Test HAVE_CXX_FLAG_WEXTRA
-- Performing Test HAVE_CXX_FLAG_WEXTRA - Success
-- Performing Test HAVE_CXX_FLAG_WSHADOW
-- Performing Test HAVE_CXX_FLAG_WSHADOW - Success
-- Performing Test HAVE_CXX_FLAG_WFLOAT_EQUAL
-- Performing Test HAVE_CXX_FLAG_WFLOAT_EQUAL - Success
-- Performing Test HAVE_CXX_FLAG_WERROR
-- Performing Test HAVE_CXX_FLAG_WERROR - Success
-- Performing Test HAVE_CXX_FLAG_PEDANTIC
-- Performing Test HAVE_CXX_FLAG_PEDANTIC - Success
-- Performing Test HAVE_CXX_FLAG_PEDANTIC_ERRORS
-- Performing Test HAVE_CXX_FLAG_PEDANTIC_ERRORS - Success
-- Performing Test HAVE_CXX_FLAG_WSHORTEN_64_TO_32
-- Performing Test HAVE_CXX_FLAG_WSHORTEN_64_TO_32 - Failed
-- Performing Test HAVE_CXX_FLAG_FSTRICT_ALIASING
-- Performing Test HAVE_CXX_FLAG_FSTRICT_ALIASING - Success
-- Performing Test HAVE_CXX_FLAG_WNO_DEPRECATED_DECLARATIONS
-- Performing Test HAVE_CXX_FLAG_WNO_DEPRECATED_DECLARATIONS - Success
-- Performing Test HAVE_CXX_FLAG_WNO_DEPRECATED
-- Performing Test HAVE_CXX_FLAG_WNO_DEPRECATED - Success
-- Performing Test HAVE_CXX_FLAG_WSTRICT_ALIASING
-- Performing Test HAVE_CXX_FLAG_WSTRICT_ALIASING - Success
-- Performing Test HAVE_CXX_FLAG_WD654
-- Performing Test HAVE_CXX_FLAG_WD654 - Failed
-- Performing Test HAVE_CXX_FLAG_WTHREAD_SAFETY
-- Performing Test HAVE_CXX_FLAG_WTHREAD_SAFETY - Failed
-- Performing Test HAVE_CXX_FLAG_COVERAGE
-- Performing Test HAVE_CXX_FLAG_COVERAGE - Success
-- Compiling and running to test HAVE_STD_REGEX
-- Performing Test HAVE_STD_REGEX -- success
-- Compiling and running to test HAVE_GNU_POSIX_REGEX
-- Performing Test HAVE_GNU_POSIX_REGEX -- failed to compile
-- Compiling and running to test HAVE_POSIX_REGEX
-- Performing Test HAVE_POSIX_REGEX -- success
-- Compiling and running to test HAVE_STEADY_CLOCK
-- Performing Test HAVE_STEADY_CLOCK -- success
-- Looking for C++ include pthread.h
-- Looking for C++ include pthread.h - found
-- Performing Test CMAKE_HAVE_LIBC_PTHREAD
-- Performing Test CMAKE_HAVE_LIBC_PTHREAD - Success
-- Found Threads: TRUE  
-- Looking for Google Test sources
-- Looking for Google Test sources in /home/ian/benchmark/googletest
CMake Warning at CMakeLists.txt:37 (message):
  Did not find Google Test sources! Fetching from web...


-- Configuring done
-- Generating done
-- Build files have been written to: /home/ian/benchmark/build/third_party/googletest
Scanning dependencies of target googletest
[ 11%] Creating directories for 'googletest'
[ 22%] Performing download step (git clone) for 'googletest'
Cloning into 'src'...
Note: switching to 'release-1.11.0'.

You are in 'detached HEAD' state. You can look around, make experimental
changes and commit them, and you can discard any commits you make in this
state without impacting any branches by switching back to a branch.

If you want to create a new branch to retain commits you create, you may
do so (now or later) by using -c with the switch command. Example:

  git switch -c <new-branch-name>

Or undo this operation with:

  git switch -

Turn off this advice by setting config variable advice.detachedHead to false

HEAD is now at e2239ee6 Googletest export
[ 33%] Performing update step for 'googletest'
[ 44%] No patch step for 'googletest'
[ 55%] No configure step for 'googletest'
[ 66%] No build step for 'googletest'
[ 77%] No install step for 'googletest'
[ 88%] No test step for 'googletest'
[100%] Completed 'googletest'
[100%] Built target googletest
-- The C compiler identification is GNU 11.2.0
-- Detecting C compiler ABI info
-- Detecting C compiler ABI info - done
-- Check for working C compiler: /usr/bin/cc - skipped
-- Detecting C compile features
-- Detecting C compile features - done
-- Found Python: /usr/bin/python3 (found version "3.10.4") found components: Interpreter 
-- Performing Test BENCHMARK_HAS_O3_FLAG
-- Performing Test BENCHMARK_HAS_O3_FLAG - Success
-- Performing Test BENCHMARK_HAS_WNO_ODR
-- Performing Test BENCHMARK_HAS_WNO_ODR - Success
-- Performing Test BENCHMARK_HAS_WNO_LTO_TYPE_MISMATCH
-- Performing Test BENCHMARK_HAS_WNO_LTO_TYPE_MISMATCH - Success
-- Configuring done
-- Generating done
-- Build files have been written to: /home/ian/benchmark/build
ian@ian-HP-Stream-Laptop-11-y0XX:~/benchmark$ cmake --build "build" --config Release
Scanning dependencies of target benchmark
[  1%] Building CXX object src/CMakeFiles/benchmark.dir/benchmark.cc.o
[  2%] Building CXX object src/CMakeFiles/benchmark.dir/benchmark_api_internal.cc.o
[  3%] Building CXX object src/CMakeFiles/benchmark.dir/benchmark_name.cc.o
[  4%] Building CXX object src/CMakeFiles/benchmark.dir/benchmark_register.cc.o
[  5%] Building CXX object src/CMakeFiles/benchmark.dir/benchmark_runner.cc.o
[  6%] Building CXX object src/CMakeFiles/benchmark.dir/check.cc.o
[  7%] Building CXX object src/CMakeFiles/benchmark.dir/colorprint.cc.o
[  8%] Building CXX object src/CMakeFiles/benchmark.dir/commandlineflags.cc.o
[  9%] Building CXX object src/CMakeFiles/benchmark.dir/complexity.cc.o
[ 10%] Building CXX object src/CMakeFiles/benchmark.dir/console_reporter.cc.o
[ 11%] Building CXX object src/CMakeFiles/benchmark.dir/counter.cc.o
[ 11%] Building CXX object src/CMakeFiles/benchmark.dir/csv_reporter.cc.o
[ 12%] Building CXX object src/CMakeFiles/benchmark.dir/json_reporter.cc.o
[ 13%] Building CXX object src/CMakeFiles/benchmark.dir/perf_counters.cc.o
[ 14%] Building CXX object src/CMakeFiles/benchmark.dir/reporter.cc.o
[ 15%] Building CXX object src/CMakeFiles/benchmark.dir/sleep.cc.o
[ 16%] Building CXX object src/CMakeFiles/benchmark.dir/statistics.cc.o
[ 17%] Building CXX object src/CMakeFiles/benchmark.dir/string_util.cc.o
[ 18%] Building CXX object src/CMakeFiles/benchmark.dir/sysinfo.cc.o
[ 19%] Building CXX object src/CMakeFiles/benchmark.dir/timers.cc.o
[ 20%] Linking CXX static library libbenchmark.a
[ 20%] Built target benchmark
Scanning dependencies of target benchmark_main
[ 21%] Building CXX object src/CMakeFiles/benchmark_main.dir/benchmark_main.cc.o
[ 22%] Linking CXX static library libbenchmark_main.a
[ 22%] Built target benchmark_main
Scanning dependencies of target gtest
[ 23%] Building CXX object third_party/googletest/build/googletest/CMakeFiles/gtest.dir/src/gtest-all.cc.o
[ 24%] Linking CXX static library ../../../../lib/libgtest.a
[ 24%] Built target gtest
Scanning dependencies of target gmock
[ 25%] Building CXX object third_party/googletest/build/googlemock/CMakeFiles/gmock.dir/src/gmock-all.cc.o
[ 26%] Linking CXX static library ../../../../lib/libgmock.a
[ 26%] Built target gmock
Scanning dependencies of target gmock_main
[ 27%] Building CXX object third_party/googletest/build/googlemock/CMakeFiles/gmock_main.dir/src/gmock_main.cc.o
[ 28%] Linking CXX static library ../../../../lib/libgmock_main.a
[ 28%] Built target gmock_main
Scanning dependencies of target time_unit_gtest
[ 29%] Building CXX object test/CMakeFiles/time_unit_gtest.dir/time_unit_gtest.cc.o
[ 30%] Linking CXX executable time_unit_gtest
[ 30%] Built target time_unit_gtest
Scanning dependencies of target perf_counters_gtest
[ 31%] Building CXX object test/CMakeFiles/perf_counters_gtest.dir/perf_counters_gtest.cc.o
[ 31%] Linking CXX executable perf_counters_gtest
[ 31%] Built target perf_counters_gtest
Scanning dependencies of target string_util_gtest
[ 32%] Building CXX object test/CMakeFiles/string_util_gtest.dir/string_util_gtest.cc.o
[ 33%] Linking CXX executable string_util_gtest
[ 33%] Built target string_util_gtest
Scanning dependencies of target statistics_gtest
[ 34%] Building CXX object test/CMakeFiles/statistics_gtest.dir/statistics_gtest.cc.o
[ 35%] Linking CXX executable statistics_gtest
[ 35%] Built target statistics_gtest
Scanning dependencies of target benchmark_random_interleaving_gtest
[ 36%] Building CXX object test/CMakeFiles/benchmark_random_interleaving_gtest.dir/benchmark_random_interleaving_gtest.cc.o
[ 37%] Linking CXX executable benchmark_random_interleaving_gtest
[ 37%] Built target benchmark_random_interleaving_gtest
Scanning dependencies of target benchmark_gtest
[ 38%] Building CXX object test/CMakeFiles/benchmark_gtest.dir/benchmark_gtest.cc.o
[ 39%] Linking CXX executable benchmark_gtest
[ 39%] Built target benchmark_gtest
Scanning dependencies of target output_test_helper
[ 40%] Building CXX object test/CMakeFiles/output_test_helper.dir/output_test_helper.cc.o
[ 41%] Linking CXX static library liboutput_test_helper.a
[ 41%] Built target output_test_helper
Scanning dependencies of target complexity_test
[ 42%] Building CXX object test/CMakeFiles/complexity_test.dir/complexity_test.cc.o
[ 43%] Linking CXX executable complexity_test
[ 43%] Built target complexity_test
Scanning dependencies of target cxx03_test
[ 44%] Building CXX object test/CMakeFiles/cxx03_test.dir/cxx03_test.cc.o
[ 45%] Linking CXX executable cxx03_test
[ 45%] Built target cxx03_test
Scanning dependencies of target memory_manager_test
[ 46%] Building CXX object test/CMakeFiles/memory_manager_test.dir/memory_manager_test.cc.o
[ 47%] Linking CXX executable memory_manager_test
[ 47%] Built target memory_manager_test
Scanning dependencies of target user_counters_tabular_test
[ 48%] Building CXX object test/CMakeFiles/user_counters_tabular_test.dir/user_counters_tabular_test.cc.o
[ 50%] Linking CXX executable user_counters_tabular_test
[ 50%] Built target user_counters_tabular_test
Scanning dependencies of target report_aggregates_only_test
[ 51%] Building CXX object test/CMakeFiles/report_aggregates_only_test.dir/report_aggregates_only_test.cc.o
[ 52%] Linking CXX executable report_aggregates_only_test
[ 52%] Built target report_aggregates_only_test
Scanning dependencies of target diagnostics_test
[ 53%] Building CXX object test/CMakeFiles/diagnostics_test.dir/diagnostics_test.cc.o
[ 54%] Linking CXX executable diagnostics_test
[ 54%] Built target diagnostics_test
Scanning dependencies of target repetitions_test
[ 55%] Building CXX object test/CMakeFiles/repetitions_test.dir/repetitions_test.cc.o
[ 56%] Linking CXX executable repetitions_test
[ 56%] Built target repetitions_test
Scanning dependencies of target basic_test
[ 57%] Building CXX object test/CMakeFiles/basic_test.dir/basic_test.cc.o
[ 58%] Linking CXX executable basic_test
[ 58%] Built target basic_test
Scanning dependencies of target benchmark_setup_teardown_test
[ 59%] Building CXX object test/CMakeFiles/benchmark_setup_teardown_test.dir/benchmark_setup_teardown_test.cc.o
[ 60%] Linking CXX executable benchmark_setup_teardown_test
[ 60%] Built target benchmark_setup_teardown_test
Scanning dependencies of target options_test
[ 61%] Building CXX object test/CMakeFiles/options_test.dir/options_test.cc.o
[ 62%] Linking CXX executable options_test
[ 62%] Built target options_test
Scanning dependencies of target skip_with_error_test
[ 63%] Building CXX object test/CMakeFiles/skip_with_error_test.dir/skip_with_error_test.cc.o
[ 64%] Linking CXX executable skip_with_error_test
[ 64%] Built target skip_with_error_test
Scanning dependencies of target benchmark_name_gtest
[ 65%] Building CXX object test/CMakeFiles/benchmark_name_gtest.dir/benchmark_name_gtest.cc.o
[ 65%] Linking CXX executable benchmark_name_gtest
[ 65%] Built target benchmark_name_gtest
Scanning dependencies of target internal_threading_test
[ 65%] Building CXX object test/CMakeFiles/internal_threading_test.dir/internal_threading_test.cc.o
[ 66%] Linking CXX executable internal_threading_test
[ 66%] Built target internal_threading_test
Scanning dependencies of target link_main_test
[ 67%] Building CXX object test/CMakeFiles/link_main_test.dir/link_main_test.cc.o
[ 68%] Linking CXX executable link_main_test
[ 68%] Built target link_main_test
Scanning dependencies of target user_counters_thousands_test
[ 69%] Building CXX object test/CMakeFiles/user_counters_thousands_test.dir/user_counters_thousands_test.cc.o
[ 70%] Linking CXX executable user_counters_thousands_test
[ 70%] Built target user_counters_thousands_test
Scanning dependencies of target filter_test
[ 71%] Building CXX object test/CMakeFiles/filter_test.dir/filter_test.cc.o
[ 72%] Linking CXX executable filter_test
[ 72%] Built target filter_test
Scanning dependencies of target spec_arg_verbosity_test
[ 72%] Building CXX object test/CMakeFiles/spec_arg_verbosity_test.dir/spec_arg_verbosity_test.cc.o
[ 73%] Linking CXX executable spec_arg_verbosity_test
[ 73%] Built target spec_arg_verbosity_test
Scanning dependencies of target spec_arg_test
[ 74%] Building CXX object test/CMakeFiles/spec_arg_test.dir/spec_arg_test.cc.o
[ 75%] Linking CXX executable spec_arg_test
[ 75%] Built target spec_arg_test
Scanning dependencies of target templated_fixture_test
[ 76%] Building CXX object test/CMakeFiles/templated_fixture_test.dir/templated_fixture_test.cc.o
[ 77%] Linking CXX executable templated_fixture_test
[ 77%] Built target templated_fixture_test
Scanning dependencies of target donotoptimize_test
[ 78%] Building CXX object test/CMakeFiles/donotoptimize_test.dir/donotoptimize_test.cc.o
[ 79%] Linking CXX executable donotoptimize_test
[ 79%] Built target donotoptimize_test
Scanning dependencies of target fixture_test
[ 80%] Building CXX object test/CMakeFiles/fixture_test.dir/fixture_test.cc.o
[ 81%] Linking CXX executable fixture_test
[ 81%] Built target fixture_test
Scanning dependencies of target user_counters_test
[ 82%] Building CXX object test/CMakeFiles/user_counters_test.dir/user_counters_test.cc.o
[ 83%] Linking CXX executable user_counters_test
[ 83%] Built target user_counters_test
Scanning dependencies of target benchmark_test
[ 84%] Building CXX object test/CMakeFiles/benchmark_test.dir/benchmark_test.cc.o
[ 85%] Linking CXX executable benchmark_test
[ 85%] Built target benchmark_test
Scanning dependencies of target map_test
[ 86%] Building CXX object test/CMakeFiles/map_test.dir/map_test.cc.o
[ 87%] Linking CXX executable map_test
[ 87%] Built target map_test
Scanning dependencies of target register_benchmark_test
[ 88%] Building CXX object test/CMakeFiles/register_benchmark_test.dir/register_benchmark_test.cc.o
[ 89%] Linking CXX executable register_benchmark_test
[ 89%] Built target register_benchmark_test
Scanning dependencies of target multiple_ranges_test
[ 90%] Building CXX object test/CMakeFiles/multiple_ranges_test.dir/multiple_ranges_test.cc.o
[ 91%] Linking CXX executable multiple_ranges_test
[ 91%] Built target multiple_ranges_test
Scanning dependencies of target commandlineflags_gtest
[ 92%] Building CXX object test/CMakeFiles/commandlineflags_gtest.dir/commandlineflags_gtest.cc.o
[ 93%] Linking CXX executable commandlineflags_gtest
[ 93%] Built target commandlineflags_gtest
Scanning dependencies of target args_product_test
[ 93%] Building CXX object test/CMakeFiles/args_product_test.dir/args_product_test.cc.o
[ 94%] Linking CXX executable args_product_test
[ 94%] Built target args_product_test
Scanning dependencies of target reporter_output_test
[ 95%] Building CXX object test/CMakeFiles/reporter_output_test.dir/reporter_output_test.cc.o
[ 96%] Linking CXX executable reporter_output_test
[ 96%] Built target reporter_output_test
Scanning dependencies of target display_aggregates_only_test
[ 96%] Building CXX object test/CMakeFiles/display_aggregates_only_test.dir/display_aggregates_only_test.cc.o
[ 97%] Linking CXX executable display_aggregates_only_test
[ 97%] Built target display_aggregates_only_test
Scanning dependencies of target perf_counters_test
[ 98%] Building CXX object test/CMakeFiles/perf_counters_test.dir/perf_counters_test.cc.o
[100%] Linking CXX executable perf_counters_test
[100%] Built target perf_counters_test
ian@ian-HP-Stream-Laptop-11-y0XX:~/benchmark$ cmake -E chdir "build" ctest --build-config Release
Test project /home/ian/benchmark/build
      Start  1: benchmark
 1/72 Test  #1: benchmark ..................................   Passed    6.66 sec
      Start  2: spec_arg
 2/72 Test  #2: spec_arg ...................................   Passed    0.03 sec
      Start  3: spec_arg_verbosity
 3/72 Test  #3: spec_arg_verbosity .........................   Passed    0.01 sec
      Start  4: benchmark_setup_teardown
 4/72 Test  #4: benchmark_setup_teardown ...................   Passed    0.03 sec
      Start  5: filter_simple
 5/72 Test  #5: filter_simple ..............................   Passed    0.02 sec
      Start  6: filter_simple_list_only
 6/72 Test  #6: filter_simple_list_only ....................   Passed    0.01 sec
      Start  7: filter_simple_negative
 7/72 Test  #7: filter_simple_negative .....................   Passed    0.01 sec
      Start  8: filter_simple_negative_list_only
 8/72 Test  #8: filter_simple_negative_list_only ...........   Passed    0.01 sec
      Start  9: filter_suffix
 9/72 Test  #9: filter_suffix ..............................   Passed    0.01 sec
      Start 10: filter_suffix_list_only
10/72 Test #10: filter_suffix_list_only ....................   Passed    0.01 sec
      Start 11: filter_suffix_negative
11/72 Test #11: filter_suffix_negative .....................   Passed    0.02 sec
      Start 12: filter_suffix_negative_list_only
12/72 Test #12: filter_suffix_negative_list_only ...........   Passed    0.01 sec
      Start 13: filter_regex_all
13/72 Test #13: filter_regex_all ...........................   Passed    0.01 sec
      Start 14: filter_regex_all_list_only
14/72 Test #14: filter_regex_all_list_only .................   Passed    0.01 sec
      Start 15: filter_regex_all_negative
15/72 Test #15: filter_regex_all_negative ..................   Passed    0.01 sec
      Start 16: filter_regex_all_negative_list_only
16/72 Test #16: filter_regex_all_negative_list_only ........   Passed    0.01 sec
      Start 17: filter_regex_blank
17/72 Test #17: filter_regex_blank .........................   Passed    0.01 sec
      Start 18: filter_regex_blank_list_only
18/72 Test #18: filter_regex_blank_list_only ...............   Passed    0.01 sec
      Start 19: filter_regex_blank_negative
19/72 Test #19: filter_regex_blank_negative ................   Passed    0.01 sec
      Start 20: filter_regex_blank_negative_list_only
20/72 Test #20: filter_regex_blank_negative_list_only ......   Passed    0.01 sec
      Start 21: filter_regex_none
21/72 Test #21: filter_regex_none ..........................   Passed    0.01 sec
      Start 22: filter_regex_none_list_only
22/72 Test #22: filter_regex_none_list_only ................   Passed    0.01 sec
      Start 23: filter_regex_none_negative
23/72 Test #23: filter_regex_none_negative .................   Passed    0.01 sec
      Start 24: filter_regex_none_negative_list_only
24/72 Test #24: filter_regex_none_negative_list_only .......   Passed    0.01 sec
      Start 25: filter_regex_wildcard
25/72 Test #25: filter_regex_wildcard ......................   Passed    0.01 sec
      Start 26: filter_regex_wildcard_list_only
26/72 Test #26: filter_regex_wildcard_list_only ............   Passed    0.01 sec
      Start 27: filter_regex_wildcard_negative
27/72 Test #27: filter_regex_wildcard_negative .............   Passed    0.01 sec
      Start 28: filter_regex_wildcard_negative_list_only
28/72 Test #28: filter_regex_wildcard_negative_list_only ...   Passed    0.01 sec
      Start 29: filter_regex_begin
29/72 Test #29: filter_regex_begin .........................   Passed    0.02 sec
      Start 30: filter_regex_begin_list_only
30/72 Test #30: filter_regex_begin_list_only ...............   Passed    0.01 sec
      Start 31: filter_regex_begin_negative
31/72 Test #31: filter_regex_begin_negative ................   Passed    0.01 sec
      Start 32: filter_regex_begin_negative_list_only
32/72 Test #32: filter_regex_begin_negative_list_only ......   Passed    0.01 sec
      Start 33: filter_regex_begin2
33/72 Test #33: filter_regex_begin2 ........................   Passed    0.02 sec
      Start 34: filter_regex_begin2_list_only
34/72 Test #34: filter_regex_begin2_list_only ..............   Passed    0.01 sec
      Start 35: filter_regex_begin2_negative
35/72 Test #35: filter_regex_begin2_negative ...............   Passed    0.01 sec
      Start 36: filter_regex_begin2_negative_list_only
36/72 Test #36: filter_regex_begin2_negative_list_only .....   Passed    0.01 sec
      Start 37: filter_regex_end
37/72 Test #37: filter_regex_end ...........................   Passed    0.01 sec
      Start 38: filter_regex_end_list_only
38/72 Test #38: filter_regex_end_list_only .................   Passed    0.01 sec
      Start 39: filter_regex_end_negative
39/72 Test #39: filter_regex_end_negative ..................   Passed    0.01 sec
      Start 40: filter_regex_end_negative_list_only
40/72 Test #40: filter_regex_end_negative_list_only ........   Passed    0.01 sec
      Start 41: options_benchmarks
41/72 Test #41: options_benchmarks .........................   Passed    2.26 sec
      Start 42: basic_benchmark
42/72 Test #42: basic_benchmark ............................   Passed    1.06 sec
      Start 43: repetitions_benchmark
43/72 Test #43: repetitions_benchmark ......................   Passed    0.10 sec
      Start 44: diagnostics_test
44/72 Test #44: diagnostics_test ...........................   Passed    0.06 sec
      Start 45: skip_with_error_test
45/72 Test #45: skip_with_error_test .......................   Passed    0.42 sec
      Start 46: donotoptimize_test
46/72 Test #46: donotoptimize_test .........................   Passed    0.01 sec
      Start 47: fixture_test
47/72 Test #47: fixture_test ...............................   Passed    0.06 sec
      Start 48: register_benchmark_test
48/72 Test #48: register_benchmark_test ....................   Passed    0.01 sec
      Start 49: map_test
49/72 Test #49: map_test ...................................   Passed    0.50 sec
      Start 50: multiple_ranges_test
50/72 Test #50: multiple_ranges_test .......................   Passed    0.42 sec
      Start 51: args_product_test
51/72 Test #51: args_product_test ..........................   Passed    0.36 sec
      Start 52: link_main_test
52/72 Test #52: link_main_test .............................   Passed    0.04 sec
      Start 53: reporter_output_test
53/72 Test #53: reporter_output_test .......................   Passed    0.51 sec
      Start 54: templated_fixture_test
54/72 Test #54: templated_fixture_test .....................   Passed    0.07 sec
      Start 55: user_counters_test
55/72 Test #55: user_counters_test .........................   Passed    0.45 sec
      Start 56: perf_counters_test
56/72 Test #56: perf_counters_test .........................   Passed    0.01 sec
      Start 57: internal_threading_test
57/72 Test #57: internal_threading_test ....................   Passed    2.14 sec
      Start 58: report_aggregates_only_test
58/72 Test #58: report_aggregates_only_test ................   Passed    0.03 sec
      Start 59: display_aggregates_only_test
59/72 Test #59: display_aggregates_only_test ...............   Passed    0.02 sec
      Start 60: user_counters_tabular_test
60/72 Test #60: user_counters_tabular_test .................   Passed    0.91 sec
      Start 61: user_counters_thousands_test
61/72 Test #61: user_counters_thousands_test ...............   Passed    0.07 sec
      Start 62: memory_manager_test
62/72 Test #62: memory_manager_test ........................   Passed    0.04 sec
      Start 63: cxx03
63/72 Test #63: cxx03 ......................................   Passed    0.20 sec
      Start 64: complexity_benchmark
64/72 Test #64: complexity_benchmark .......................   Passed    1.61 sec
      Start 65: benchmark_gtest
65/72 Test #65: benchmark_gtest ............................   Passed    0.01 sec
      Start 66: benchmark_name_gtest
66/72 Test #66: benchmark_name_gtest .......................   Passed    0.01 sec
      Start 67: benchmark_random_interleaving_gtest
67/72 Test #67: benchmark_random_interleaving_gtest ........   Passed    0.04 sec
      Start 68: commandlineflags_gtest
68/72 Test #68: commandlineflags_gtest .....................   Passed    0.01 sec
      Start 69: statistics_gtest
69/72 Test #69: statistics_gtest ...........................   Passed    0.04 sec
      Start 70: string_util_gtest
70/72 Test #70: string_util_gtest ..........................   Passed    0.02 sec
      Start 71: perf_counters_gtest
71/72 Test #71: perf_counters_gtest ........................   Passed    0.01 sec
      Start 72: time_unit_gtest
72/72 Test #72: time_unit_gtest ............................   Passed    0.01 sec

100% tests passed, 0 tests failed out of 72

Total Test time (real) =  18.73 sec
ian@ian-HP-Stream-Laptop-11-y0XX:~/benchmark$ sudo cmake --build "build" --config Release --target install
[sudo] password for ian: 
[ 20%] Built target benchmark
[ 22%] Built target benchmark_main
[ 24%] Built target gtest
[ 26%] Built target gmock
[ 28%] Built target gmock_main
[ 30%] Built target time_unit_gtest
[ 31%] Built target perf_counters_gtest
[ 33%] Built target string_util_gtest
[ 35%] Built target statistics_gtest
[ 37%] Built target benchmark_random_interleaving_gtest
[ 39%] Built target benchmark_gtest
[ 41%] Built target output_test_helper
[ 43%] Built target complexity_test
[ 45%] Built target cxx03_test
[ 47%] Built target memory_manager_test
[ 50%] Built target user_counters_tabular_test
[ 52%] Built target report_aggregates_only_test
[ 54%] Built target diagnostics_test
[ 56%] Built target repetitions_test
[ 58%] Built target basic_test
[ 60%] Built target benchmark_setup_teardown_test
[ 62%] Built target options_test
[ 64%] Built target skip_with_error_test
[ 65%] Built target benchmark_name_gtest
[ 66%] Built target internal_threading_test
[ 68%] Built target link_main_test
[ 70%] Built target user_counters_thousands_test
[ 72%] Built target filter_test
[ 73%] Built target spec_arg_verbosity_test
[ 75%] Built target spec_arg_test
[ 77%] Built target templated_fixture_test
[ 79%] Built target donotoptimize_test
[ 81%] Built target fixture_test
[ 83%] Built target user_counters_test
[ 85%] Built target benchmark_test
[ 87%] Built target map_test
[ 89%] Built target register_benchmark_test
[ 91%] Built target multiple_ranges_test
[ 93%] Built target commandlineflags_gtest
[ 94%] Built target args_product_test
[ 96%] Built target reporter_output_test
[ 97%] Built target display_aggregates_only_test
[100%] Built target perf_counters_test
Install the project...
-- Install configuration: "Release"
-- Installing: /usr/local/lib/libbenchmark.a
-- Installing: /usr/local/lib/libbenchmark_main.a
-- Installing: /usr/local/include/benchmark
-- Installing: /usr/local/include/benchmark/export.h
-- Installing: /usr/local/include/benchmark/benchmark.h
-- Installing: /usr/local/lib/cmake/benchmark/benchmarkConfig.cmake
-- Installing: /usr/local/lib/cmake/benchmark/benchmarkConfigVersion.cmake
-- Installing: /usr/local/lib/pkgconfig/benchmark.pc
-- Installing: /usr/local/lib/cmake/benchmark/benchmarkTargets.cmake
-- Installing: /usr/local/lib/cmake/benchmark/benchmarkTargets-release.cmake
-- Installing: /usr/local/share/doc/benchmark
-- Installing: /usr/local/share/doc/benchmark/user_guide.md
-- Installing: /usr/local/share/doc/benchmark/platform_specific_build_instructions.md
-- Installing: /usr/local/share/doc/benchmark/reducing_variance.md
-- Installing: /usr/local/share/doc/benchmark/tools.md
-- Installing: /usr/local/share/doc/benchmark/python_bindings.md
-- Installing: /usr/local/share/doc/benchmark/_config.yml
-- Installing: /usr/local/share/doc/benchmark/random_interleaving.md
-- Installing: /usr/local/share/doc/benchmark/dependencies.md
-- Installing: /usr/local/share/doc/benchmark/perf_counters.md
-- Installing: /usr/local/share/doc/benchmark/AssemblyTests.md
-- Installing: /usr/local/share/doc/benchmark/index.md
-- Installing: /usr/local/share/doc/benchmark/releasing.md
ian@ian-HP-Stream-Laptop-11-y0XX:~/benchmark$ ls
appveyor.yml  BUILD.bazel     CONTRIBUTING.md  LICENSE           src
AUTHORS       cmake           CONTRIBUTORS     README.md         test
bindings      CMakeLists.txt  docs             requirements.txt  tools
build         _config.yml     include          setup.py          WORKSPACE
ian@ian-HP-Stream-Laptop-11-y0XX:~/benchmark$ 

